<?xml version="1.0" encoding="UTF-8"?>
<!-- Generated by org.testng.reporters.JUnitReportReporter -->
<testsuite hostname="DESKTOP-Q73VOAD" failures="0" tests="1" name="StepDefinations.NikTest" time="9.843" errors="0" timestamp="2024-07-13T21:43:29 IST" skipped="0">
  <testcase classname="StepDefinations.NikTest" name="webDriver" time="9.843"/>
  <system-out/>
</testsuite> <!-- StepDefinations.NikTest -->
