<?xml version="1.0" encoding="UTF-8"?>
<!-- Generated by org.testng.reporters.JUnitReportReporter -->
<testsuite hostname="DESKTOP-Q73VOAD" failures="0" tests="1" name="CucumberRunnerPage.CucumberRunner" time="11.402" errors="0" timestamp="2024-07-14T12:22:47 IST" skipped="0">
  <testcase classname="CucumberRunnerPage.CucumberRunner" name="runScenario" time="11.402"/>
  <system-out/>
</testsuite> <!-- CucumberRunnerPage.CucumberRunner -->
